2026-02-24 01:29:42,799 - Access attempt to /data
2026-02-24 01:29:42,813 - Access granted for admin
2026-02-24 05:32:26,839 - Access attempt to /data
2026-02-24 05:32:26,839 - No token provided
2026-02-24 05:32:45,779 - Access attempt to /data
2026-02-24 05:32:45,779 - No token provided
2026-02-24 05:33:30,212 - Access attempt to /data
2026-02-24 05:33:30,212 - No token provided
2026-02-24 05:34:11,351 - Access attempt to /data
2026-02-24 05:34:11,351 - No token provided
2026-02-24 05:35:11,438 - Access attempt to /data
2026-02-24 05:35:11,439 - No token provided
2026-02-24 05:35:25,247 - Access attempt to /data
2026-02-24 05:35:25,260 - Invalid token
2026-02-24 05:36:31,738 - Access attempt to /data
2026-02-24 05:36:31,739 - Access granted for admin
2026-02-24 05:58:39,947 - Client requested data
2026-02-24 05:58:42,028 - Token received from auth service
2026-02-24 06:04:17,054 - Client requested data
2026-02-24 06:04:19,110 - Token received from auth service
2026-02-24 06:05:41,845 - Access attempt to /data
2026-02-24 06:05:41,869 - Access granted for admin
2026-02-24 06:05:47,951 - Access attempt to /data
2026-02-24 06:05:47,951 - No token provided
2026-02-24 06:05:49,913 - Access attempt to /data
2026-02-24 06:05:49,913 - No token provided
2026-02-24 06:05:56,116 - Access attempt to /data
2026-02-24 06:05:56,116 - No token provided
2026-02-24 06:05:58,058 - Access attempt to /data
2026-02-24 06:05:58,059 - No token provided
2026-02-24 06:08:05,966 - Access attempt to /data
2026-02-24 06:08:05,966 - Access granted for admin
2026-02-24 06:08:15,946 - Access attempt to /data
2026-02-24 06:08:15,946 - No token provided
2026-02-24 06:09:53,278 - Access attempt to /data
2026-02-24 06:09:53,278 - No token provided
2026-02-24 06:09:58,117 - Access attempt to /data
2026-02-24 06:09:58,118 - No token provided
2026-02-24 06:09:59,059 - Access attempt to /data
2026-02-24 06:09:59,060 - No token provided
2026-02-24 06:10:06,008 - Access attempt to /data
2026-02-24 06:10:06,008 - No token provided
2026-02-24 06:10:15,859 - Access attempt to /data
2026-02-24 06:10:15,859 - No token provided
2026-02-24 06:10:36,424 - Access attempt to /data
2026-02-24 06:10:36,424 - No token provided
2026-02-24 06:10:54,965 - Access attempt to /data
2026-02-24 06:10:54,966 - No token provided
2026-02-24 06:13:22,300 - Access attempt to /data
2026-02-24 06:13:22,300 - No token provided
2026-02-24 06:13:25,274 - Access attempt to /data
2026-02-24 06:13:25,275 - No token provided
2026-02-24 06:15:41,904 - Access attempt to /data
2026-02-24 06:15:41,904 - No token provided
2026-02-24 06:15:45,531 - Access attempt to /data
2026-02-24 06:15:45,531 - No token provided
2026-02-24 06:15:46,085 - Access attempt to /data
2026-02-24 06:15:46,085 - No token provided
2026-02-24 06:15:46,385 - Access attempt to /data
2026-02-24 06:15:46,385 - No token provided
2026-02-24 06:15:46,555 - Access attempt to /data
2026-02-24 06:15:46,556 - No token provided
2026-02-24 06:15:46,730 - Access attempt to /data
2026-02-24 06:15:46,731 - No token provided
2026-02-24 06:15:46,867 - Access attempt to /data
2026-02-24 06:15:46,868 - No token provided
2026-02-24 06:15:47,015 - Access attempt to /data
2026-02-24 06:15:47,016 - No token provided
2026-02-24 06:16:36,509 - Access attempt to /data
2026-02-24 06:16:36,509 - No token provided
2026-02-24 14:10:02,805 - Access attempt to /data
2026-02-24 14:10:02,807 - No token provided
2026-02-24 14:11:22,617 - Access attempt to /data
2026-02-24 14:11:22,633 - Access granted for admin
2026-03-01 21:16:15,582 - Access attempt to /data
2026-03-01 21:16:15,597 - Access granted for admin
2026-03-01 21:24:05,289 - Access attempt to /data
2026-03-01 21:24:05,301 - Access granted for admin
2026-03-01 21:24:14,590 - Access attempt to /data
2026-03-01 21:24:14,590 - Access granted for admin
2026-03-01 21:24:15,160 - Access attempt to /data
2026-03-01 21:24:15,160 - Access granted for admin
2026-03-01 21:24:15,633 - Access attempt to /data
2026-03-01 21:24:15,633 - Access granted for admin
2026-03-01 21:24:15,928 - Access attempt to /data
2026-03-01 21:24:15,928 - Access granted for admin
2026-03-01 21:24:16,090 - Access attempt to /data
2026-03-01 21:24:16,090 - Access granted for admin
2026-03-01 21:24:16,223 - Access attempt to /data
2026-03-01 21:24:16,223 - Access granted for admin
2026-03-01 21:24:16,368 - Access attempt to /data
2026-03-01 21:24:16,368 - Access granted for admin
2026-03-01 21:24:16,508 - Access attempt to /data
2026-03-01 21:24:16,508 - Access granted for admin
2026-03-01 21:24:16,653 - Access attempt to /data
2026-03-01 21:24:16,653 - Access granted for admin
2026-03-01 21:24:16,797 - Access attempt to /data
2026-03-01 21:24:16,798 - Access granted for admin
2026-03-01 21:24:16,940 - Access attempt to /data
2026-03-01 21:24:16,941 - Access granted for admin
2026-03-01 21:24:17,096 - Access attempt to /data
2026-03-01 21:24:17,097 - Access granted for admin
2026-03-01 21:24:17,262 - Access attempt to /data
2026-03-01 21:24:17,262 - Access granted for admin
2026-03-01 21:24:17,410 - Access attempt to /data
2026-03-01 21:24:17,411 - Access granted for admin
2026-03-01 21:24:17,556 - Access attempt to /data
2026-03-01 21:24:17,557 - Access granted for admin
2026-03-01 21:24:17,707 - Access attempt to /data
2026-03-01 21:24:17,707 - Access granted for admin
2026-03-01 21:24:17,854 - Access attempt to /data
2026-03-01 21:24:17,855 - Access granted for admin
2026-03-01 21:24:18,015 - Access attempt to /data
2026-03-01 21:24:18,015 - Access granted for admin
2026-03-01 21:24:18,178 - Access attempt to /data
2026-03-01 21:24:18,179 - Access granted for admin
2026-03-01 21:24:18,631 - Access attempt to /data
2026-03-01 21:24:18,632 - Access granted for admin
2026-03-01 21:24:22,573 - Access attempt to /data
2026-03-01 21:24:22,574 - Access granted for admin
2026-03-01 21:24:22,938 - Access attempt to /data
2026-03-01 21:24:22,938 - Access granted for admin
2026-03-01 21:24:23,277 - Access attempt to /data
2026-03-01 21:24:23,278 - Access granted for admin
2026-03-01 21:24:23,630 - Access attempt to /data
2026-03-01 21:24:23,630 - Access granted for admin
2026-03-01 21:24:23,951 - Access attempt to /data
2026-03-01 21:24:23,951 - Access granted for admin
2026-03-01 21:24:24,674 - Access attempt to /data
2026-03-01 21:24:24,677 - Access granted for admin
2026-03-01 21:24:24,854 - Access attempt to /data
2026-03-01 21:24:24,855 - Access granted for admin
2026-03-01 21:25:33,447 - Access attempt to /data
2026-03-01 21:25:33,447 - Access granted for admin
2026-03-01 21:29:02,539 - Access attempt to /data
2026-03-01 21:29:02,539 - Access granted for admin
2026-03-01 21:31:34,603 - Access attempt to /data
2026-03-01 21:31:34,603 - Access granted for admin
2026-03-01 21:32:21,051 - Access attempt to /data
2026-03-01 21:32:21,051 - Access granted for admin
2026-03-01 21:32:40,646 - Access attempt to /data
2026-03-01 21:32:40,658 - Access granted for admin
2026-03-01 21:33:07,590 - Access attempt to /data
2026-03-01 21:33:07,590 - Access granted for admin
2026-03-01 21:33:17,741 - Access attempt to /data
2026-03-01 21:33:17,741 - Access granted for admin
2026-03-01 21:33:42,789 - Access attempt to /data
2026-03-01 21:33:42,789 - Access granted for admin
2026-03-01 21:34:00,532 - Access attempt to /data
2026-03-01 21:34:00,532 - Access granted for admin
2026-03-01 21:34:01,854 - Access attempt to /data
2026-03-01 21:34:01,854 - Access granted for admin
2026-03-01 21:36:54,684 - Access attempt to /data
2026-03-01 21:36:54,697 - Access granted for admin
2026-03-01 21:37:02,324 - Access attempt to /data
2026-03-01 21:37:02,325 - Access granted for admin
2026-03-01 21:56:31,161 - Access attempt to /data
2026-03-01 21:56:31,172 - Access granted for admin
2026-03-01 21:59:10,989 - Unauthorized access attempt from web page (no token)
